-------------------------------------------------------------------------------
Test set: com.UserInfo.ApplicationTests
-------------------------------------------------------------------------------
Tests run: 1, Failures: 0, Errors: 1, Skipped: 0, Time elapsed: 0.766 s <<< FAILURE! - in com.UserInfo.ApplicationTests
initializationError(com.UserInfo.ApplicationTests)  Time elapsed: 0.008 s  <<< ERROR!
java.lang.IllegalStateException: Unable to find a @SpringBootConfiguration, you need to use @ContextConfiguration or @SpringBootTest(classes=...) with your test

